{"D:\\VisualStudioCode\\book-your-event-vite\\src\\components\\error-boundary.jsx": {"path":"D:\\VisualStudioCode\\book-your-event-vite\\src\\components\\error-boundary.jsx","statementMap":{"0":{"start":{"line":9,"column":4},"end":{"line":9,"column":17}},"1":{"start":{"line":10,"column":4},"end":{"line":14,"column":6}},"2":{"start":{"line":18,"column":4},"end":{"line":22,"column":6}},"3":{"start":{"line":26,"column":4},"end":{"line":29,"column":7}},"4":{"start":{"line":32,"column":4},"end":{"line":32,"column":70}},"5":{"start":{"line":36,"column":4},"end":{"line":75,"column":5}},"6":{"start":{"line":37,"column":6},"end":{"line":74,"column":8}},"7":{"start":{"line":61,"column":18},"end":{"line":65,"column":21}},"8":{"start":{"line":66,"column":18},"end":{"line":66,"column":43}},"9":{"start":{"line":77,"column":4},"end":{"line":77,"column":31}}},"fnMap":{"0":{"name":"(anonymous_0)","decl":{"start":{"line":8,"column":2},"end":{"line":8,"column":3}},"loc":{"start":{"line":8,"column":21},"end":{"line":15,"column":3}},"line":8},"1":{"name":"(anonymous_1)","decl":{"start":{"line":17,"column":2},"end":{"line":17,"column":3}},"loc":{"start":{"line":17,"column":41},"end":{"line":23,"column":3}},"line":17},"2":{"name":"(anonymous_2)","decl":{"start":{"line":25,"column":2},"end":{"line":25,"column":3}},"loc":{"start":{"line":25,"column":38},"end":{"line":33,"column":3}},"line":25},"3":{"name":"(anonymous_3)","decl":{"start":{"line":35,"column":2},"end":{"line":35,"column":3}},"loc":{"start":{"line":35,"column":11},"end":{"line":78,"column":3}},"line":35},"4":{"name":"(anonymous_4)","decl":{"start":{"line":60,"column":25},"end":{"line":60,"column":26}},"loc":{"start":{"line":60,"column":31},"end":{"line":67,"column":17}},"line":60}},"branchMap":{"0":{"loc":{"start":{"line":36,"column":4},"end":{"line":75,"column":5}},"type":"if","locations":[{"start":{"line":36,"column":4},"end":{"line":75,"column":5}},{"start":{},"end":{}}],"line":36},"1":{"loc":{"start":{"line":52,"column":15},"end":{"line":56,"column":15}},"type":"binary-expr","locations":[{"start":{"line":52,"column":15},"end":{"line":52,"column":35}},{"start":{"line":53,"column":16},"end":{"line":55,"column":22}}],"line":52}},"s":{"0":8,"1":8,"2":0,"3":0,"4":0,"5":8,"6":0,"7":0,"8":0,"9":8},"f":{"0":8,"1":0,"2":0,"3":8,"4":0},"b":{"0":[0,8],"1":[0,0]},"_coverageSchema":"1a1c01bbd47fc00a2c39e90264f33305004495a9","hash":"e5450b106f10a47b4e50e0b01f143423e42fddad"}
,"D:\\VisualStudioCode\\book-your-event-vite\\src\\components\\events-filter.jsx": {"path":"D:\\VisualStudioCode\\book-your-event-vite\\src\\components\\events-filter.jsx","statementMap":{"0":{"start":{"line":16,"column":19},"end":{"line":16,"column":32}},"1":{"start":{"line":17,"column":25},"end":{"line":17,"column":42}},"2":{"start":{"line":19,"column":26},"end":{"line":19,"column":69}},"3":{"start":{"line":20,"column":40},"end":{"line":20,"column":77}},"4":{"start":{"line":22,"column":2},"end":{"line":25,"column":21}},"5":{"start":{"line":23,"column":4},"end":{"line":23,"column":47}},"6":{"start":{"line":24,"column":4},"end":{"line":24,"column":48}},"7":{"start":{"line":27,"column":23},"end":{"line":39,"column":3}},"8":{"start":{"line":28,"column":19},"end":{"line":28,"column":40}},"9":{"start":{"line":30,"column":4},"end":{"line":32,"column":5}},"10":{"start":{"line":31,"column":6},"end":{"line":31,"column":31}},"11":{"start":{"line":34,"column":4},"end":{"line":36,"column":5}},"12":{"start":{"line":35,"column":6},"end":{"line":35,"column":35}},"13":{"start":{"line":38,"column":4},"end":{"line":38,"column":75}},"14":{"start":{"line":41,"column":2},"end":{"line":83,"column":4}},"15":{"start":{"line":54,"column":29},"end":{"line":54,"column":40}},"16":{"start":{"line":56,"column":16},"end":{"line":58,"column":29}},"17":{"start":{"line":73,"column":29},"end":{"line":73,"column":59}},"18":{"start":{"line":74,"column":30},"end":{"line":74,"column":65}}},"fnMap":{"0":{"name":"EventsFilter","decl":{"start":{"line":15,"column":24},"end":{"line":15,"column":36}},"loc":{"start":{"line":15,"column":39},"end":{"line":84,"column":1}},"line":15},"1":{"name":"(anonymous_1)","decl":{"start":{"line":22,"column":12},"end":{"line":22,"column":13}},"loc":{"start":{"line":22,"column":18},"end":{"line":25,"column":3}},"line":22},"2":{"name":"(anonymous_2)","decl":{"start":{"line":27,"column":23},"end":{"line":27,"column":24}},"loc":{"start":{"line":27,"column":29},"end":{"line":39,"column":3}},"line":27},"3":{"name":"(anonymous_3)","decl":{"start":{"line":54,"column":22},"end":{"line":54,"column":23}},"loc":{"start":{"line":54,"column":29},"end":{"line":54,"column":40}},"line":54},"4":{"name":"(anonymous_4)","decl":{"start":{"line":55,"column":19},"end":{"line":55,"column":20}},"loc":{"start":{"line":56,"column":16},"end":{"line":58,"column":29}},"line":56},"5":{"name":"(anonymous_5)","decl":{"start":{"line":73,"column":22},"end":{"line":73,"column":23}},"loc":{"start":{"line":73,"column":29},"end":{"line":73,"column":59}},"line":73},"6":{"name":"(anonymous_6)","decl":{"start":{"line":74,"column":23},"end":{"line":74,"column":24}},"loc":{"start":{"line":74,"column":30},"end":{"line":74,"column":65}},"line":74}},"branchMap":{"0":{"loc":{"start":{"line":19,"column":35},"end":{"line":19,"column":68}},"type":"binary-expr","locations":[{"start":{"line":19,"column":35},"end":{"line":19,"column":59}},{"start":{"line":19,"column":63},"end":{"line":19,"column":68}}],"line":19},"1":{"loc":{"start":{"line":20,"column":49},"end":{"line":20,"column":76}},"type":"binary-expr","locations":[{"start":{"line":20,"column":49},"end":{"line":20,"column":70}},{"start":{"line":20,"column":74},"end":{"line":20,"column":76}}],"line":20},"2":{"loc":{"start":{"line":23,"column":12},"end":{"line":23,"column":45}},"type":"binary-expr","locations":[{"start":{"line":23,"column":12},"end":{"line":23,"column":36}},{"start":{"line":23,"column":40},"end":{"line":23,"column":45}}],"line":23},"3":{"loc":{"start":{"line":24,"column":19},"end":{"line":24,"column":46}},"type":"binary-expr","locations":[{"start":{"line":24,"column":19},"end":{"line":24,"column":40}},{"start":{"line":24,"column":44},"end":{"line":24,"column":46}}],"line":24},"4":{"loc":{"start":{"line":30,"column":4},"end":{"line":32,"column":5}},"type":"if","locations":[{"start":{"line":30,"column":4},"end":{"line":32,"column":5}},{"start":{},"end":{}}],"line":30},"5":{"loc":{"start":{"line":34,"column":4},"end":{"line":36,"column":5}},"type":"if","locations":[{"start":{"line":34,"column":4},"end":{"line":36,"column":5}},{"start":{},"end":{}}],"line":34},"6":{"loc":{"start":{"line":38,"column":23},"end":{"line":38,"column":71}},"type":"cond-expr","locations":[{"start":{"line":38,"column":43},"end":{"line":38,"column":66}},{"start":{"line":38,"column":69},"end":{"line":38,"column":71}}],"line":38},"7":{"loc":{"start":{"line":74,"column":30},"end":{"line":74,"column":65}},"type":"binary-expr","locations":[{"start":{"line":74,"column":30},"end":{"line":74,"column":47}},{"start":{"line":74,"column":51},"end":{"line":74,"column":65}}],"line":74}},"s":{"0":11,"1":11,"2":11,"3":11,"4":11,"5":5,"6":5,"7":11,"8":3,"9":3,"10":0,"11":3,"12":3,"13":3,"14":11,"15":44,"16":33,"17":3,"18":1},"f":{"0":11,"1":5,"2":3,"3":44,"4":33,"5":3,"6":1},"b":{"0":[11,10],"1":[11,10],"2":[5,4],"3":[5,4],"4":[0,3],"5":[3,0],"6":[3,0],"7":[1,1]},"_coverageSchema":"1a1c01bbd47fc00a2c39e90264f33305004495a9","hash":"7c357d2f41e77f7b2c3a360e718f38e276047c3d"}
,"D:\\VisualStudioCode\\book-your-event-vite\\src\\components\\events-grid.jsx": {"path":"D:\\VisualStudioCode\\book-your-event-vite\\src\\components\\events-grid.jsx","statementMap":{"0":{"start":{"line":8,"column":2},"end":{"line":15,"column":3}},"1":{"start":{"line":9,"column":4},"end":{"line":14,"column":6}},"2":{"start":{"line":17,"column":21},"end":{"line":26,"column":3}},"3":{"start":{"line":18,"column":4},"end":{"line":25,"column":5}},"4":{"start":{"line":20,"column":19},"end":{"line":20,"column":59}},"5":{"start":{"line":21,"column":6},"end":{"line":21,"column":41}},"6":{"start":{"line":23,"column":6},"end":{"line":23,"column":50}},"7":{"start":{"line":24,"column":6},"end":{"line":24,"column":21}},"8":{"start":{"line":28,"column":2},"end":{"line":80,"column":4}},"9":{"start":{"line":31,"column":26},"end":{"line":31,"column":48}},"10":{"start":{"line":32,"column":8},"end":{"line":77,"column":10}}},"fnMap":{"0":{"name":"EventsGrid","decl":{"start":{"line":7,"column":24},"end":{"line":7,"column":34}},"loc":{"start":{"line":7,"column":47},"end":{"line":81,"column":1}},"line":7},"1":{"name":"(anonymous_1)","decl":{"start":{"line":17,"column":21},"end":{"line":17,"column":22}},"loc":{"start":{"line":17,"column":34},"end":{"line":26,"column":3}},"line":17},"2":{"name":"(anonymous_2)","decl":{"start":{"line":30,"column":18},"end":{"line":30,"column":19}},"loc":{"start":{"line":30,"column":29},"end":{"line":78,"column":7}},"line":30}},"branchMap":{"0":{"loc":{"start":{"line":8,"column":2},"end":{"line":15,"column":3}},"type":"if","locations":[{"start":{"line":8,"column":2},"end":{"line":15,"column":3}},{"start":{},"end":{}}],"line":8},"1":{"loc":{"start":{"line":37,"column":23},"end":{"line":37,"column":64}},"type":"binary-expr","locations":[{"start":{"line":37,"column":23},"end":{"line":37,"column":42}},{"start":{"line":37,"column":46},"end":{"line":37,"column":64}}],"line":37}},"s":{"0":6,"1":1,"2":5,"3":10,"4":10,"5":10,"6":0,"7":0,"8":5,"9":10,"10":10},"f":{"0":6,"1":10,"2":10},"b":{"0":[1,5],"1":[10,0]},"_coverageSchema":"1a1c01bbd47fc00a2c39e90264f33305004495a9","hash":"491cffd08bf4a87037a960b861188877a406a147"}
,"D:\\VisualStudioCode\\book-your-event-vite\\src\\components\\events-list.jsx": {"path":"D:\\VisualStudioCode\\book-your-event-vite\\src\\components\\events-list.jsx","statementMap":{"0":{"start":{"line":7,"column":2},"end":{"line":14,"column":3}},"1":{"start":{"line":8,"column":4},"end":{"line":13,"column":6}},"2":{"start":{"line":16,"column":21},"end":{"line":25,"column":3}},"3":{"start":{"line":17,"column":4},"end":{"line":24,"column":5}},"4":{"start":{"line":19,"column":19},"end":{"line":19,"column":59}},"5":{"start":{"line":20,"column":6},"end":{"line":20,"column":41}},"6":{"start":{"line":22,"column":6},"end":{"line":22,"column":50}},"7":{"start":{"line":23,"column":6},"end":{"line":23,"column":21}},"8":{"start":{"line":27,"column":2},"end":{"line":83,"column":4}},"9":{"start":{"line":30,"column":26},"end":{"line":30,"column":48}},"10":{"start":{"line":31,"column":8},"end":{"line":80,"column":10}}},"fnMap":{"0":{"name":"EventsList","decl":{"start":{"line":6,"column":24},"end":{"line":6,"column":34}},"loc":{"start":{"line":6,"column":47},"end":{"line":84,"column":1}},"line":6},"1":{"name":"(anonymous_1)","decl":{"start":{"line":16,"column":21},"end":{"line":16,"column":22}},"loc":{"start":{"line":16,"column":34},"end":{"line":25,"column":3}},"line":16},"2":{"name":"(anonymous_2)","decl":{"start":{"line":29,"column":18},"end":{"line":29,"column":19}},"loc":{"start":{"line":29,"column":29},"end":{"line":81,"column":7}},"line":29}},"branchMap":{"0":{"loc":{"start":{"line":7,"column":2},"end":{"line":14,"column":3}},"type":"if","locations":[{"start":{"line":7,"column":2},"end":{"line":14,"column":3}},{"start":{},"end":{}}],"line":7},"1":{"loc":{"start":{"line":36,"column":23},"end":{"line":36,"column":64}},"type":"binary-expr","locations":[{"start":{"line":36,"column":23},"end":{"line":36,"column":42}},{"start":{"line":36,"column":46},"end":{"line":36,"column":64}}],"line":36}},"s":{"0":6,"1":1,"2":5,"3":10,"4":10,"5":10,"6":0,"7":0,"8":5,"9":10,"10":10},"f":{"0":6,"1":10,"2":10},"b":{"0":[1,5],"1":[10,0]},"_coverageSchema":"1a1c01bbd47fc00a2c39e90264f33305004495a9","hash":"2ccfa753ccbad5affa45c399dbdeb9c995d61502"}
,"D:\\VisualStudioCode\\book-your-event-vite\\src\\context\\theme-provider.jsx": {"path":"D:\\VisualStudioCode\\book-your-event-vite\\src\\context\\theme-provider.jsx","statementMap":{"0":{"start":{"line":6,"column":21},"end":{"line":11,"column":1}},"1":{"start":{"line":9,"column":18},"end":{"line":9,"column":22}},"2":{"start":{"line":10,"column":23},"end":{"line":10,"column":27}},"3":{"start":{"line":13,"column":29},"end":{"line":13,"column":56}},"4":{"start":{"line":23,"column":28},"end":{"line":25,"column":3}},"5":{"start":{"line":24,"column":10},"end":{"line":24,"column":58}},"6":{"start":{"line":26,"column":38},"end":{"line":28,"column":3}},"7":{"start":{"line":27,"column":10},"end":{"line":27,"column":68}},"8":{"start":{"line":30,"column":2},"end":{"line":43,"column":14}},"9":{"start":{"line":31,"column":17},"end":{"line":31,"column":48}},"10":{"start":{"line":32,"column":4},"end":{"line":32,"column":43}},"11":{"start":{"line":34,"column":4},"end":{"line":42,"column":5}},"12":{"start":{"line":35,"column":26},"end":{"line":38,"column":17}},"13":{"start":{"line":39,"column":6},"end":{"line":39,"column":38}},"14":{"start":{"line":41,"column":6},"end":{"line":41,"column":32}},"15":{"start":{"line":45,"column":2},"end":{"line":56,"column":19}},"16":{"start":{"line":46,"column":17},"end":{"line":46,"column":48}},"17":{"start":{"line":47,"column":4},"end":{"line":54,"column":6}},"18":{"start":{"line":55,"column":4},"end":{"line":55,"column":46}},"19":{"start":{"line":58,"column":16},"end":{"line":69,"column":3}},"20":{"start":{"line":62,"column":6},"end":{"line":62,"column":46}},"21":{"start":{"line":63,"column":6},"end":{"line":63,"column":22}},"22":{"start":{"line":66,"column":6},"end":{"line":66,"column":56}},"23":{"start":{"line":67,"column":6},"end":{"line":67,"column":32}},"24":{"start":{"line":71,"column":2},"end":{"line":75,"column":4}},"25":{"start":{"line":78,"column":24},"end":{"line":85,"column":1}},"26":{"start":{"line":79,"column":18},"end":{"line":79,"column":50}},"27":{"start":{"line":81,"column":2},"end":{"line":82,"column":68}},"28":{"start":{"line":82,"column":4},"end":{"line":82,"column":68}},"29":{"start":{"line":84,"column":2},"end":{"line":84,"column":17}}},"fnMap":{"0":{"name":"(anonymous_0)","decl":{"start":{"line":9,"column":12},"end":{"line":9,"column":13}},"loc":{"start":{"line":9,"column":18},"end":{"line":9,"column":22}},"line":9},"1":{"name":"(anonymous_1)","decl":{"start":{"line":10,"column":17},"end":{"line":10,"column":18}},"loc":{"start":{"line":10,"column":23},"end":{"line":10,"column":27}},"line":10},"2":{"name":"ThemeProvider","decl":{"start":{"line":15,"column":16},"end":{"line":15,"column":29}},"loc":{"start":{"line":22,"column":3},"end":{"line":76,"column":1}},"line":22},"3":{"name":"(anonymous_3)","decl":{"start":{"line":24,"column":4},"end":{"line":24,"column":5}},"loc":{"start":{"line":24,"column":10},"end":{"line":24,"column":58}},"line":24},"4":{"name":"(anonymous_4)","decl":{"start":{"line":27,"column":4},"end":{"line":27,"column":5}},"loc":{"start":{"line":27,"column":10},"end":{"line":27,"column":68}},"line":27},"5":{"name":"(anonymous_5)","decl":{"start":{"line":30,"column":12},"end":{"line":30,"column":13}},"loc":{"start":{"line":30,"column":18},"end":{"line":43,"column":3}},"line":30},"6":{"name":"(anonymous_6)","decl":{"start":{"line":45,"column":12},"end":{"line":45,"column":13}},"loc":{"start":{"line":45,"column":18},"end":{"line":56,"column":3}},"line":45},"7":{"name":"(anonymous_7)","decl":{"start":{"line":61,"column":14},"end":{"line":61,"column":15}},"loc":{"start":{"line":61,"column":25},"end":{"line":64,"column":5}},"line":61},"8":{"name":"(anonymous_8)","decl":{"start":{"line":65,"column":19},"end":{"line":65,"column":20}},"loc":{"start":{"line":65,"column":35},"end":{"line":68,"column":5}},"line":65},"9":{"name":"(anonymous_9)","decl":{"start":{"line":78,"column":24},"end":{"line":78,"column":25}},"loc":{"start":{"line":78,"column":30},"end":{"line":85,"column":1}},"line":78}},"branchMap":{"0":{"loc":{"start":{"line":17,"column":2},"end":{"line":17,"column":25}},"type":"default-arg","locations":[{"start":{"line":17,"column":17},"end":{"line":17,"column":25}}],"line":17},"1":{"loc":{"start":{"line":18,"column":2},"end":{"line":18,"column":30}},"type":"default-arg","locations":[{"start":{"line":18,"column":22},"end":{"line":18,"column":30}}],"line":18},"2":{"loc":{"start":{"line":19,"column":2},"end":{"line":19,"column":30}},"type":"default-arg","locations":[{"start":{"line":19,"column":15},"end":{"line":19,"column":30}}],"line":19},"3":{"loc":{"start":{"line":20,"column":2},"end":{"line":20,"column":41}},"type":"default-arg","locations":[{"start":{"line":20,"column":20},"end":{"line":20,"column":41}}],"line":20},"4":{"loc":{"start":{"line":24,"column":10},"end":{"line":24,"column":58}},"type":"binary-expr","locations":[{"start":{"line":24,"column":10},"end":{"line":24,"column":42}},{"start":{"line":24,"column":46},"end":{"line":24,"column":58}}],"line":24},"5":{"loc":{"start":{"line":27,"column":10},"end":{"line":27,"column":68}},"type":"binary-expr","locations":[{"start":{"line":27,"column":10},"end":{"line":27,"column":47}},{"start":{"line":27,"column":51},"end":{"line":27,"column":68}}],"line":27},"6":{"loc":{"start":{"line":34,"column":4},"end":{"line":42,"column":5}},"type":"if","locations":[{"start":{"line":34,"column":4},"end":{"line":42,"column":5}},{"start":{"line":40,"column":11},"end":{"line":42,"column":5}}],"line":34},"7":{"loc":{"start":{"line":35,"column":26},"end":{"line":38,"column":17}},"type":"cond-expr","locations":[{"start":{"line":37,"column":10},"end":{"line":37,"column":16}},{"start":{"line":38,"column":10},"end":{"line":38,"column":17}}],"line":35},"8":{"loc":{"start":{"line":81,"column":2},"end":{"line":82,"column":68}},"type":"if","locations":[{"start":{"line":81,"column":2},"end":{"line":82,"column":68}},{"start":{},"end":{}}],"line":81}},"s":{"0":3,"1":0,"2":0,"3":3,"4":8,"5":8,"6":8,"7":8,"8":8,"9":8,"10":8,"11":8,"12":8,"13":8,"14":0,"15":8,"16":8,"17":8,"18":8,"19":8,"20":0,"21":0,"22":0,"23":0,"24":8,"25":3,"26":0,"27":0,"28":0,"29":0},"f":{"0":0,"1":0,"2":8,"3":8,"4":8,"5":8,"6":8,"7":0,"8":0,"9":0},"b":{"0":[8],"1":[8],"2":[8],"3":[8],"4":[8,8],"5":[8,8],"6":[8,0],"7":[0,8],"8":[0,0]},"_coverageSchema":"1a1c01bbd47fc00a2c39e90264f33305004495a9","hash":"04e4ba1ede82300c3424dcb88245e60dd4982361"}
,"D:\\VisualStudioCode\\book-your-event-vite\\src\\data\\cities.js": {"path":"D:\\VisualStudioCode\\book-your-event-vite\\src\\data\\cities.js","statementMap":{"0":{"start":{"line":1,"column":22},"end":{"line":1,"column":57}}},"fnMap":{},"branchMap":{},"s":{"0":2},"f":{},"b":{},"_coverageSchema":"1a1c01bbd47fc00a2c39e90264f33305004495a9","hash":"1e23c216f7230c665696a72d89d5241ba8c30271"}
,"D:\\VisualStudioCode\\book-your-event-vite\\src\\lib\\utils.js": {"path":"D:\\VisualStudioCode\\book-your-event-vite\\src\\lib\\utils.js","statementMap":{"0":{"start":{"line":5,"column":2},"end":{"line":5,"column":31}}},"fnMap":{"0":{"name":"cn","decl":{"start":{"line":4,"column":16},"end":{"line":4,"column":18}},"loc":{"start":{"line":4,"column":30},"end":{"line":6,"column":1}},"line":4}},"branchMap":{},"s":{"0":339},"f":{"0":339},"b":{},"_coverageSchema":"1a1c01bbd47fc00a2c39e90264f33305004495a9","hash":"7d9f81318c1c4b01e91c67bf1f84272d94498f8b"}
,"D:\\VisualStudioCode\\book-your-event-vite\\src\\pages\\AddEventPage.jsx": {"path":"D:\\VisualStudioCode\\book-your-event-vite\\src\\pages\\AddEventPage.jsx","statementMap":{"0":{"start":{"line":41,"column":19},"end":{"line":70,"column":2}},"1":{"start":{"line":73,"column":19},"end":{"line":73,"column":32}},"2":{"start":{"line":74,"column":19},"end":{"line":74,"column":32}},"3":{"start":{"line":75,"column":42},"end":{"line":75,"column":57}},"4":{"start":{"line":77,"column":15},"end":{"line":94,"column":4}},"5":{"start":{"line":96,"column":19},"end":{"line":159,"column":3}},"6":{"start":{"line":97,"column":4},"end":{"line":158,"column":5}},"7":{"start":{"line":98,"column":6},"end":{"line":98,"column":28}},"8":{"start":{"line":101,"column":28},"end":{"line":101,"column":65}},"9":{"start":{"line":104,"column":24},"end":{"line":145,"column":7}},"10":{"start":{"line":147,"column":6},"end":{"line":147,"column":32}},"11":{"start":{"line":149,"column":6},"end":{"line":149,"column":32}},"12":{"start":{"line":150,"column":6},"end":{"line":150,"column":26}},"13":{"start":{"line":152,"column":6},"end":{"line":152,"column":51}},"14":{"start":{"line":153,"column":6},"end":{"line":155,"column":9}},"15":{"start":{"line":157,"column":6},"end":{"line":157,"column":29}},"16":{"start":{"line":161,"column":2},"end":{"line":457,"column":4}},"17":{"start":{"line":185,"column":20},"end":{"line":211,"column":31}},"18":{"start":{"line":198,"column":43},"end":{"line":198,"column":54}},"19":{"start":{"line":200,"column":30},"end":{"line":206,"column":43}},"20":{"start":{"line":219,"column":20},"end":{"line":225,"column":31}},"21":{"start":{"line":233,"column":20},"end":{"line":239,"column":31}},"22":{"start":{"line":247,"column":20},"end":{"line":257,"column":31}},"23":{"start":{"line":266,"column":22},"end":{"line":296,"column":33}},"24":{"start":{"line":304,"column":22},"end":{"line":310,"column":33}},"25":{"start":{"line":319,"column":20},"end":{"line":325,"column":31}},"26":{"start":{"line":333,"column":20},"end":{"line":339,"column":31}},"27":{"start":{"line":348,"column":22},"end":{"line":354,"column":33}},"28":{"start":{"line":362,"column":22},"end":{"line":368,"column":33}},"29":{"start":{"line":377,"column":20},"end":{"line":383,"column":31}},"30":{"start":{"line":392,"column":22},"end":{"line":398,"column":33}},"31":{"start":{"line":406,"column":22},"end":{"line":412,"column":33}},"32":{"start":{"line":421,"column":20},"end":{"line":427,"column":31}},"33":{"start":{"line":443,"column":35},"end":{"line":443,"column":47}}},"fnMap":{"0":{"name":"AddEventPage","decl":{"start":{"line":72,"column":24},"end":{"line":72,"column":36}},"loc":{"start":{"line":72,"column":39},"end":{"line":458,"column":1}},"line":72},"1":{"name":"(anonymous_1)","decl":{"start":{"line":96,"column":19},"end":{"line":96,"column":20}},"loc":{"start":{"line":96,"column":35},"end":{"line":159,"column":3}},"line":96},"2":{"name":"(anonymous_2)","decl":{"start":{"line":184,"column":26},"end":{"line":184,"column":27}},"loc":{"start":{"line":185,"column":20},"end":{"line":211,"column":31}},"line":185},"3":{"name":"(anonymous_3)","decl":{"start":{"line":198,"column":36},"end":{"line":198,"column":37}},"loc":{"start":{"line":198,"column":43},"end":{"line":198,"column":54}},"line":198},"4":{"name":"(anonymous_4)","decl":{"start":{"line":199,"column":33},"end":{"line":199,"column":34}},"loc":{"start":{"line":200,"column":30},"end":{"line":206,"column":43}},"line":200},"5":{"name":"(anonymous_5)","decl":{"start":{"line":218,"column":26},"end":{"line":218,"column":27}},"loc":{"start":{"line":219,"column":20},"end":{"line":225,"column":31}},"line":219},"6":{"name":"(anonymous_6)","decl":{"start":{"line":232,"column":26},"end":{"line":232,"column":27}},"loc":{"start":{"line":233,"column":20},"end":{"line":239,"column":31}},"line":233},"7":{"name":"(anonymous_7)","decl":{"start":{"line":246,"column":26},"end":{"line":246,"column":27}},"loc":{"start":{"line":247,"column":20},"end":{"line":257,"column":31}},"line":247},"8":{"name":"(anonymous_8)","decl":{"start":{"line":265,"column":28},"end":{"line":265,"column":29}},"loc":{"start":{"line":266,"column":22},"end":{"line":296,"column":33}},"line":266},"9":{"name":"(anonymous_9)","decl":{"start":{"line":303,"column":28},"end":{"line":303,"column":29}},"loc":{"start":{"line":304,"column":22},"end":{"line":310,"column":33}},"line":304},"10":{"name":"(anonymous_10)","decl":{"start":{"line":318,"column":26},"end":{"line":318,"column":27}},"loc":{"start":{"line":319,"column":20},"end":{"line":325,"column":31}},"line":319},"11":{"name":"(anonymous_11)","decl":{"start":{"line":332,"column":26},"end":{"line":332,"column":27}},"loc":{"start":{"line":333,"column":20},"end":{"line":339,"column":31}},"line":333},"12":{"name":"(anonymous_12)","decl":{"start":{"line":347,"column":28},"end":{"line":347,"column":29}},"loc":{"start":{"line":348,"column":22},"end":{"line":354,"column":33}},"line":348},"13":{"name":"(anonymous_13)","decl":{"start":{"line":361,"column":28},"end":{"line":361,"column":29}},"loc":{"start":{"line":362,"column":22},"end":{"line":368,"column":33}},"line":362},"14":{"name":"(anonymous_14)","decl":{"start":{"line":376,"column":26},"end":{"line":376,"column":27}},"loc":{"start":{"line":377,"column":20},"end":{"line":383,"column":31}},"line":377},"15":{"name":"(anonymous_15)","decl":{"start":{"line":391,"column":28},"end":{"line":391,"column":29}},"loc":{"start":{"line":392,"column":22},"end":{"line":398,"column":33}},"line":392},"16":{"name":"(anonymous_16)","decl":{"start":{"line":405,"column":28},"end":{"line":405,"column":29}},"loc":{"start":{"line":406,"column":22},"end":{"line":412,"column":33}},"line":406},"17":{"name":"(anonymous_17)","decl":{"start":{"line":420,"column":26},"end":{"line":420,"column":27}},"loc":{"start":{"line":421,"column":20},"end":{"line":427,"column":31}},"line":421},"18":{"name":"(anonymous_18)","decl":{"start":{"line":443,"column":29},"end":{"line":443,"column":30}},"loc":{"start":{"line":443,"column":35},"end":{"line":443,"column":47}},"line":443}},"branchMap":{"0":{"loc":{"start":{"line":123,"column":29},"end":{"line":123,"column":49}},"type":"binary-expr","locations":[{"start":{"line":123,"column":29},"end":{"line":123,"column":43}},{"start":{"line":123,"column":47},"end":{"line":123,"column":49}}],"line":123},"1":{"loc":{"start":{"line":275,"column":33},"end":{"line":281,"column":33}},"type":"cond-expr","locations":[{"start":{"line":276,"column":34},"end":{"line":276,"column":60}},{"start":{"line":278,"column":34},"end":{"line":280,"column":41}}],"line":275},"2":{"loc":{"start":{"line":431,"column":17},"end":{"line":437,"column":17}},"type":"binary-expr","locations":[{"start":{"line":431,"column":17},"end":{"line":431,"column":43}},{"start":{"line":432,"column":18},"end":{"line":436,"column":24}}],"line":431},"3":{"loc":{"start":{"line":448,"column":21},"end":{"line":448,"column":66}},"type":"cond-expr","locations":[{"start":{"line":448,"column":36},"end":{"line":448,"column":49}},{"start":{"line":448,"column":52},"end":{"line":448,"column":66}}],"line":448}},"s":{"0":1,"1":2,"2":2,"3":2,"4":2,"5":2,"6":0,"7":0,"8":0,"9":0,"10":0,"11":0,"12":0,"13":0,"14":0,"15":0,"16":2,"17":2,"18":8,"19":6,"20":3,"21":3,"22":3,"23":2,"24":2,"25":3,"26":2,"27":3,"28":3,"29":3,"30":3,"31":3,"32":2,"33":0},"f":{"0":2,"1":0,"2":2,"3":8,"4":6,"5":3,"6":3,"7":3,"8":2,"9":2,"10":3,"11":2,"12":3,"13":3,"14":3,"15":3,"16":3,"17":2,"18":0},"b":{"0":[0,0],"1":[0,2],"2":[2,0],"3":[0,2]},"_coverageSchema":"1a1c01bbd47fc00a2c39e90264f33305004495a9","hash":"0cd8224351487aed1e6c4c3228b4aa4c6cf3c58d"}
,"D:\\VisualStudioCode\\book-your-event-vite\\src\\pages\\EventDetailPage.jsx": {"path":"D:\\VisualStudioCode\\book-your-event-vite\\src\\pages\\EventDetailPage.jsx","statementMap":{"0":{"start":{"line":27,"column":19},"end":{"line":27,"column":32}},"1":{"start":{"line":32,"column":6},"end":{"line":32,"column":42}},"2":{"start":{"line":32,"column":29},"end":{"line":32,"column":41}},"3":{"start":{"line":33,"column":17},"end":{"line":33,"column":28}},"4":{"start":{"line":34,"column":19},"end":{"line":34,"column":32}},"5":{"start":{"line":36,"column":2},"end":{"line":45,"column":21}},"6":{"start":{"line":37,"column":4},"end":{"line":39,"column":5}},"7":{"start":{"line":38,"column":6},"end":{"line":38,"column":35}},"8":{"start":{"line":42,"column":4},"end":{"line":44,"column":6}},"9":{"start":{"line":43,"column":6},"end":{"line":43,"column":37}},"10":{"start":{"line":47,"column":23},"end":{"line":49,"column":3}},"11":{"start":{"line":48,"column":4},"end":{"line":48,"column":17}},"12":{"start":{"line":51,"column":21},"end":{"line":60,"column":3}},"13":{"start":{"line":52,"column":4},"end":{"line":59,"column":5}},"14":{"start":{"line":54,"column":19},"end":{"line":54,"column":59}},"15":{"start":{"line":55,"column":6},"end":{"line":55,"column":48}},"16":{"start":{"line":57,"column":6},"end":{"line":57,"column":50}},"17":{"start":{"line":58,"column":6},"end":{"line":58,"column":21}},"18":{"start":{"line":62,"column":2},"end":{"line":206,"column":4}},"19":{"start":{"line":79,"column":37},"end":{"line":79,"column":56}},"20":{"start":{"line":200,"column":37},"end":{"line":200,"column":56}}},"fnMap":{"0":{"name":"EventDetailPage","decl":{"start":{"line":26,"column":24},"end":{"line":26,"column":39}},"loc":{"start":{"line":26,"column":42},"end":{"line":207,"column":1}},"line":26},"1":{"name":"(anonymous_1)","decl":{"start":{"line":32,"column":18},"end":{"line":32,"column":19}},"loc":{"start":{"line":32,"column":29},"end":{"line":32,"column":41}},"line":32},"2":{"name":"(anonymous_2)","decl":{"start":{"line":36,"column":12},"end":{"line":36,"column":13}},"loc":{"start":{"line":36,"column":18},"end":{"line":45,"column":3}},"line":36},"3":{"name":"(anonymous_3)","decl":{"start":{"line":42,"column":11},"end":{"line":42,"column":12}},"loc":{"start":{"line":42,"column":17},"end":{"line":44,"column":5}},"line":42},"4":{"name":"(anonymous_4)","decl":{"start":{"line":47,"column":23},"end":{"line":47,"column":24}},"loc":{"start":{"line":47,"column":29},"end":{"line":49,"column":3}},"line":47},"5":{"name":"(anonymous_5)","decl":{"start":{"line":51,"column":21},"end":{"line":51,"column":22}},"loc":{"start":{"line":51,"column":34},"end":{"line":60,"column":3}},"line":51},"6":{"name":"(anonymous_6)","decl":{"start":{"line":79,"column":31},"end":{"line":79,"column":32}},"loc":{"start":{"line":79,"column":37},"end":{"line":79,"column":56}},"line":79},"7":{"name":"(anonymous_7)","decl":{"start":{"line":200,"column":31},"end":{"line":200,"column":32}},"loc":{"start":{"line":200,"column":37},"end":{"line":200,"column":56}},"line":200}},"branchMap":{"0":{"loc":{"start":{"line":37,"column":4},"end":{"line":39,"column":5}},"type":"if","locations":[{"start":{"line":37,"column":4},"end":{"line":39,"column":5}},{"start":{},"end":{}}],"line":37},"1":{"loc":{"start":{"line":72,"column":11},"end":{"line":202,"column":11}},"type":"cond-expr","locations":[{"start":{"line":73,"column":12},"end":{"line":75,"column":18}},{"start":{"line":76,"column":14},"end":{"line":202,"column":11}}],"line":72},"2":{"loc":{"start":{"line":76,"column":14},"end":{"line":202,"column":11}},"type":"cond-expr","locations":[{"start":{"line":77,"column":12},"end":{"line":80,"column":18}},{"start":{"line":81,"column":14},"end":{"line":202,"column":11}}],"line":76},"3":{"loc":{"start":{"line":81,"column":14},"end":{"line":202,"column":11}},"type":"cond-expr","locations":[{"start":{"line":82,"column":12},"end":{"line":196,"column":18}},{"start":{"line":198,"column":12},"end":{"line":201,"column":18}}],"line":81},"4":{"loc":{"start":{"line":86,"column":25},"end":{"line":86,"column":66}},"type":"binary-expr","locations":[{"start":{"line":86,"column":25},"end":{"line":86,"column":44}},{"start":{"line":86,"column":48},"end":{"line":86,"column":66}}],"line":86}},"s":{"0":3,"1":3,"2":6,"3":3,"4":3,"5":3,"6":3,"7":3,"8":3,"9":3,"10":3,"11":0,"12":3,"13":1,"14":1,"15":1,"16":0,"17":0,"18":3,"19":0,"20":0},"f":{"0":3,"1":6,"2":3,"3":3,"4":0,"5":1,"6":0,"7":0},"b":{"0":[3,0],"1":[0,3],"2":[1,2],"3":[1,1],"4":[1,0]},"_coverageSchema":"1a1c01bbd47fc00a2c39e90264f33305004495a9","hash":"ea2486d1b918fcaa46bf515741b703dbcb34dba0"}
,"D:\\VisualStudioCode\\book-your-event-vite\\src\\pages\\EventsPage.jsx": {"path":"D:\\VisualStudioCode\\book-your-event-vite\\src\\pages\\EventsPage.jsx","statementMap":{"0":{"start":{"line":22,"column":19},"end":{"line":22,"column":32}},"1":{"start":{"line":23,"column":37},"end":{"line":23,"column":73}},"2":{"start":{"line":23,"column":60},"end":{"line":23,"column":72}},"3":{"start":{"line":24,"column":34},"end":{"line":24,"column":50}},"4":{"start":{"line":25,"column":25},"end":{"line":25,"column":42}},"5":{"start":{"line":26,"column":15},"end":{"line":26,"column":48}},"6":{"start":{"line":27,"column":16},"end":{"line":27,"column":43}},"7":{"start":{"line":29,"column":2},"end":{"line":31,"column":30}},"8":{"start":{"line":30,"column":4},"end":{"line":30,"column":43}},"9":{"start":{"line":33,"column":2},"end":{"line":91,"column":4}},"10":{"start":{"line":50,"column":36},"end":{"line":50,"column":54}},"11":{"start":{"line":83,"column":33},"end":{"line":83,"column":57}},"12":{"start":{"line":95,"column":2},"end":{"line":104,"column":4}}},"fnMap":{"0":{"name":"EventsContent","decl":{"start":{"line":21,"column":9},"end":{"line":21,"column":22}},"loc":{"start":{"line":21,"column":25},"end":{"line":92,"column":1}},"line":21},"1":{"name":"(anonymous_1)","decl":{"start":{"line":23,"column":49},"end":{"line":23,"column":50}},"loc":{"start":{"line":23,"column":60},"end":{"line":23,"column":72}},"line":23},"2":{"name":"(anonymous_2)","decl":{"start":{"line":29,"column":12},"end":{"line":29,"column":13}},"loc":{"start":{"line":29,"column":18},"end":{"line":31,"column":3}},"line":29},"3":{"name":"(anonymous_3)","decl":{"start":{"line":50,"column":25},"end":{"line":50,"column":26}},"loc":{"start":{"line":50,"column":36},"end":{"line":50,"column":54}},"line":50},"4":{"name":"(anonymous_4)","decl":{"start":{"line":83,"column":27},"end":{"line":83,"column":28}},"loc":{"start":{"line":83,"column":33},"end":{"line":83,"column":57}},"line":83},"5":{"name":"EventsPage","decl":{"start":{"line":94,"column":24},"end":{"line":94,"column":34}},"loc":{"start":{"line":94,"column":37},"end":{"line":105,"column":1}},"line":94}},"branchMap":{"0":{"loc":{"start":{"line":26,"column":15},"end":{"line":26,"column":48}},"type":"binary-expr","locations":[{"start":{"line":26,"column":15},"end":{"line":26,"column":39}},{"start":{"line":26,"column":43},"end":{"line":26,"column":48}}],"line":26},"1":{"loc":{"start":{"line":27,"column":16},"end":{"line":27,"column":43}},"type":"binary-expr","locations":[{"start":{"line":27,"column":16},"end":{"line":27,"column":37}},{"start":{"line":27,"column":41},"end":{"line":27,"column":43}}],"line":27},"2":{"loc":{"start":{"line":46,"column":11},"end":{"line":46,"column":62}},"type":"cond-expr","locations":[{"start":{"line":46,"column":28},"end":{"line":46,"column":40}},{"start":{"line":46,"column":43},"end":{"line":46,"column":62}}],"line":46},"3":{"loc":{"start":{"line":63,"column":11},"end":{"line":72,"column":11}},"type":"binary-expr","locations":[{"start":{"line":63,"column":11},"end":{"line":63,"column":19}},{"start":{"line":63,"column":23},"end":{"line":63,"column":29}},{"start":{"line":64,"column":12},"end":{"line":71,"column":15}}],"line":63},"4":{"loc":{"start":{"line":76,"column":7},"end":{"line":89,"column":7}},"type":"cond-expr","locations":[{"start":{"line":77,"column":8},"end":{"line":79,"column":14}},{"start":{"line":80,"column":10},"end":{"line":89,"column":7}}],"line":76},"5":{"loc":{"start":{"line":80,"column":10},"end":{"line":89,"column":7}},"type":"cond-expr","locations":[{"start":{"line":81,"column":8},"end":{"line":84,"column":14}},{"start":{"line":86,"column":8},"end":{"line":88,"column":14}}],"line":80}},"s":{"0":3,"1":3,"2":6,"3":3,"4":3,"5":3,"6":3,"7":3,"8":3,"9":3,"10":0,"11":0,"12":3},"f":{"0":3,"1":6,"2":3,"3":0,"4":0,"5":3},"b":{"0":[3,3],"1":[3,3],"2":[3,0],"3":[3,2,1],"4":[1,2],"5":[1,1]},"_coverageSchema":"1a1c01bbd47fc00a2c39e90264f33305004495a9","hash":"6b5b913a770d32acebb339524c0838687315e455"}
,"D:\\VisualStudioCode\\book-your-event-vite\\src\\services\\api.js": {"path":"D:\\VisualStudioCode\\book-your-event-vite\\src\\services\\api.js","statementMap":{"0":{"start":{"line":2,"column":16},"end":{"line":2,"column":39}},"1":{"start":{"line":6,"column":2},"end":{"line":31,"column":3}},"2":{"start":{"line":7,"column":14},"end":{"line":7,"column":33}},"3":{"start":{"line":8,"column":19},"end":{"line":8,"column":40}},"4":{"start":{"line":10,"column":4},"end":{"line":12,"column":5}},"5":{"start":{"line":11,"column":6},"end":{"line":11,"column":34}},"6":{"start":{"line":14,"column":4},"end":{"line":19,"column":5}},"7":{"start":{"line":16,"column":6},"end":{"line":16,"column":48}},"8":{"start":{"line":17,"column":11},"end":{"line":19,"column":5}},"9":{"start":{"line":18,"column":6},"end":{"line":18,"column":37}},"10":{"start":{"line":21,"column":21},"end":{"line":21,"column":37}},"11":{"start":{"line":23,"column":4},"end":{"line":25,"column":5}},"12":{"start":{"line":24,"column":6},"end":{"line":24,"column":64}},"13":{"start":{"line":27,"column":4},"end":{"line":27,"column":33}},"14":{"start":{"line":29,"column":4},"end":{"line":29,"column":51}},"15":{"start":{"line":30,"column":4},"end":{"line":30,"column":16}},"16":{"start":{"line":36,"column":2},"end":{"line":47,"column":3}},"17":{"start":{"line":37,"column":21},"end":{"line":37,"column":59}},"18":{"start":{"line":39,"column":4},"end":{"line":41,"column":5}},"19":{"start":{"line":40,"column":6},"end":{"line":40,"column":64}},"20":{"start":{"line":43,"column":4},"end":{"line":43,"column":33}},"21":{"start":{"line":45,"column":4},"end":{"line":45,"column":64}},"22":{"start":{"line":46,"column":4},"end":{"line":46,"column":16}},"23":{"start":{"line":52,"column":2},"end":{"line":69,"column":3}},"24":{"start":{"line":53,"column":21},"end":{"line":59,"column":6}},"25":{"start":{"line":61,"column":4},"end":{"line":63,"column":5}},"26":{"start":{"line":62,"column":6},"end":{"line":62,"column":64}},"27":{"start":{"line":65,"column":4},"end":{"line":65,"column":33}},"28":{"start":{"line":67,"column":4},"end":{"line":67,"column":48}},"29":{"start":{"line":68,"column":4},"end":{"line":68,"column":16}},"30":{"start":{"line":74,"column":2},"end":{"line":91,"column":3}},"31":{"start":{"line":75,"column":21},"end":{"line":81,"column":6}},"32":{"start":{"line":83,"column":4},"end":{"line":85,"column":5}},"33":{"start":{"line":84,"column":6},"end":{"line":84,"column":64}},"34":{"start":{"line":87,"column":4},"end":{"line":87,"column":33}},"35":{"start":{"line":89,"column":4},"end":{"line":89,"column":64}},"36":{"start":{"line":90,"column":4},"end":{"line":90,"column":16}},"37":{"start":{"line":96,"column":2},"end":{"line":107,"column":3}},"38":{"start":{"line":97,"column":21},"end":{"line":99,"column":6}},"39":{"start":{"line":101,"column":4},"end":{"line":103,"column":5}},"40":{"start":{"line":102,"column":6},"end":{"line":102,"column":64}},"41":{"start":{"line":105,"column":4},"end":{"line":105,"column":64}},"42":{"start":{"line":106,"column":4},"end":{"line":106,"column":16}}},"fnMap":{"0":{"name":"fetchEvents","decl":{"start":{"line":5,"column":22},"end":{"line":5,"column":33}},"loc":{"start":{"line":5,"column":47},"end":{"line":32,"column":1}},"line":5},"1":{"name":"fetchEventById","decl":{"start":{"line":35,"column":22},"end":{"line":35,"column":36}},"loc":{"start":{"line":35,"column":41},"end":{"line":48,"column":1}},"line":35},"2":{"name":"addEvent","decl":{"start":{"line":51,"column":22},"end":{"line":51,"column":30}},"loc":{"start":{"line":51,"column":38},"end":{"line":70,"column":1}},"line":51},"3":{"name":"updateEvent","decl":{"start":{"line":73,"column":22},"end":{"line":73,"column":33}},"loc":{"start":{"line":73,"column":45},"end":{"line":92,"column":1}},"line":73},"4":{"name":"deleteEvent","decl":{"start":{"line":95,"column":22},"end":{"line":95,"column":33}},"loc":{"start":{"line":95,"column":38},"end":{"line":108,"column":1}},"line":95}},"branchMap":{"0":{"loc":{"start":{"line":10,"column":4},"end":{"line":12,"column":5}},"type":"if","locations":[{"start":{"line":10,"column":4},"end":{"line":12,"column":5}},{"start":{},"end":{}}],"line":10},"1":{"loc":{"start":{"line":10,"column":8},"end":{"line":10,"column":30}},"type":"binary-expr","locations":[{"start":{"line":10,"column":8},"end":{"line":10,"column":12}},{"start":{"line":10,"column":16},"end":{"line":10,"column":30}}],"line":10},"2":{"loc":{"start":{"line":14,"column":4},"end":{"line":19,"column":5}},"type":"if","locations":[{"start":{"line":14,"column":4},"end":{"line":19,"column":5}},{"start":{"line":17,"column":11},"end":{"line":19,"column":5}}],"line":14},"3":{"loc":{"start":{"line":17,"column":11},"end":{"line":19,"column":5}},"type":"if","locations":[{"start":{"line":17,"column":11},"end":{"line":19,"column":5}},{"start":{},"end":{}}],"line":17},"4":{"loc":{"start":{"line":23,"column":4},"end":{"line":25,"column":5}},"type":"if","locations":[{"start":{"line":23,"column":4},"end":{"line":25,"column":5}},{"start":{},"end":{}}],"line":23},"5":{"loc":{"start":{"line":39,"column":4},"end":{"line":41,"column":5}},"type":"if","locations":[{"start":{"line":39,"column":4},"end":{"line":41,"column":5}},{"start":{},"end":{}}],"line":39},"6":{"loc":{"start":{"line":61,"column":4},"end":{"line":63,"column":5}},"type":"if","locations":[{"start":{"line":61,"column":4},"end":{"line":63,"column":5}},{"start":{},"end":{}}],"line":61},"7":{"loc":{"start":{"line":83,"column":4},"end":{"line":85,"column":5}},"type":"if","locations":[{"start":{"line":83,"column":4},"end":{"line":85,"column":5}},{"start":{},"end":{}}],"line":83},"8":{"loc":{"start":{"line":101,"column":4},"end":{"line":103,"column":5}},"type":"if","locations":[{"start":{"line":101,"column":4},"end":{"line":103,"column":5}},{"start":{},"end":{}}],"line":101}},"s":{"0":4,"1":2,"2":2,"3":2,"4":2,"5":0,"6":2,"7":0,"8":2,"9":0,"10":2,"11":0,"12":0,"13":0,"14":2,"15":2,"16":3,"17":3,"18":0,"19":0,"20":0,"21":3,"22":3,"23":0,"24":0,"25":0,"26":0,"27":0,"28":0,"29":0,"30":0,"31":0,"32":0,"33":0,"34":0,"35":0,"36":0,"37":0,"38":0,"39":0,"40":0,"41":0,"42":0},"f":{"0":2,"1":3,"2":0,"3":0,"4":0},"b":{"0":[0,2],"1":[2,2],"2":[0,2],"3":[0,2],"4":[0,0],"5":[0,0],"6":[0,0],"7":[0,0],"8":[0,0]},"_coverageSchema":"1a1c01bbd47fc00a2c39e90264f33305004495a9","hash":"7b6efb4a19c961407103d8491161084232e65693"}
,"D:\\VisualStudioCode\\book-your-event-vite\\src\\store\\index.js": {"path":"D:\\VisualStudioCode\\book-your-event-vite\\src\\store\\index.js","statementMap":{"0":{"start":{"line":4,"column":21},"end":{"line":8,"column":2}}},"fnMap":{},"branchMap":{},"s":{"0":1},"f":{},"b":{},"_coverageSchema":"1a1c01bbd47fc00a2c39e90264f33305004495a9","hash":"29a3e9849b5e9b8b6a8f5a86c0f7bf31a1a31e5e"}
,"D:\\VisualStudioCode\\book-your-event-vite\\src\\store\\slices\\eventsSlice.js": {"path":"D:\\VisualStudioCode\\book-your-event-vite\\src\\store\\slices\\eventsSlice.js","statementMap":{"0":{"start":{"line":7,"column":21},"end":{"line":12,"column":1}},"1":{"start":{"line":15,"column":27},"end":{"line":24,"column":1}},"2":{"start":{"line":18,"column":4},"end":{"line":22,"column":5}},"3":{"start":{"line":19,"column":6},"end":{"line":19,"column":47}},"4":{"start":{"line":21,"column":6},"end":{"line":21,"column":73}},"5":{"start":{"line":26,"column":30},"end":{"line":35,"column":1}},"6":{"start":{"line":29,"column":4},"end":{"line":33,"column":5}},"7":{"start":{"line":30,"column":6},"end":{"line":30,"column":41}},"8":{"start":{"line":32,"column":6},"end":{"line":32,"column":62}},"9":{"start":{"line":37,"column":20},"end":{"line":74,"column":2}},"10":{"start":{"line":42,"column":6},"end":{"line":42,"column":33}},"11":{"start":{"line":46,"column":4},"end":{"line":72,"column":9}},"12":{"start":{"line":49,"column":8},"end":{"line":49,"column":29}},"13":{"start":{"line":50,"column":8},"end":{"line":50,"column":27}},"14":{"start":{"line":53,"column":8},"end":{"line":53,"column":38}},"15":{"start":{"line":54,"column":8},"end":{"line":54,"column":30}},"16":{"start":{"line":57,"column":8},"end":{"line":57,"column":30}},"17":{"start":{"line":58,"column":8},"end":{"line":58,"column":37}},"18":{"start":{"line":62,"column":8},"end":{"line":62,"column":29}},"19":{"start":{"line":63,"column":8},"end":{"line":63,"column":27}},"20":{"start":{"line":66,"column":8},"end":{"line":66,"column":45}},"21":{"start":{"line":67,"column":8},"end":{"line":67,"column":30}},"22":{"start":{"line":70,"column":8},"end":{"line":70,"column":30}},"23":{"start":{"line":71,"column":8},"end":{"line":71,"column":37}},"24":{"start":{"line":76,"column":38},"end":{"line":76,"column":57}}},"fnMap":{"0":{"name":"(anonymous_0)","decl":{"start":{"line":17,"column":2},"end":{"line":17,"column":3}},"loc":{"start":{"line":17,"column":50},"end":{"line":23,"column":3}},"line":17},"1":{"name":"(anonymous_1)","decl":{"start":{"line":28,"column":2},"end":{"line":28,"column":3}},"loc":{"start":{"line":28,"column":37},"end":{"line":34,"column":3}},"line":28},"2":{"name":"(anonymous_2)","decl":{"start":{"line":41,"column":24},"end":{"line":41,"column":25}},"loc":{"start":{"line":41,"column":35},"end":{"line":43,"column":5}},"line":41},"3":{"name":"(anonymous_3)","decl":{"start":{"line":45,"column":17},"end":{"line":45,"column":18}},"loc":{"start":{"line":45,"column":30},"end":{"line":73,"column":3}},"line":45},"4":{"name":"(anonymous_4)","decl":{"start":{"line":48,"column":36},"end":{"line":48,"column":37}},"loc":{"start":{"line":48,"column":47},"end":{"line":51,"column":7}},"line":48},"5":{"name":"(anonymous_5)","decl":{"start":{"line":52,"column":38},"end":{"line":52,"column":39}},"loc":{"start":{"line":52,"column":57},"end":{"line":55,"column":7}},"line":52},"6":{"name":"(anonymous_6)","decl":{"start":{"line":56,"column":37},"end":{"line":56,"column":38}},"loc":{"start":{"line":56,"column":56},"end":{"line":59,"column":7}},"line":56},"7":{"name":"(anonymous_7)","decl":{"start":{"line":61,"column":39},"end":{"line":61,"column":40}},"loc":{"start":{"line":61,"column":50},"end":{"line":64,"column":7}},"line":61},"8":{"name":"(anonymous_8)","decl":{"start":{"line":65,"column":41},"end":{"line":65,"column":42}},"loc":{"start":{"line":65,"column":60},"end":{"line":68,"column":7}},"line":65},"9":{"name":"(anonymous_9)","decl":{"start":{"line":69,"column":40},"end":{"line":69,"column":41}},"loc":{"start":{"line":69,"column":59},"end":{"line":72,"column":7}},"line":69}},"branchMap":{},"s":{"0":4,"1":4,"2":2,"3":2,"4":2,"5":4,"6":3,"7":3,"8":3,"9":4,"10":0,"11":1,"12":0,"13":0,"14":0,"15":0,"16":0,"17":0,"18":0,"19":0,"20":0,"21":0,"22":0,"23":0,"24":4},"f":{"0":2,"1":3,"2":0,"3":1,"4":0,"5":0,"6":0,"7":0,"8":0,"9":0},"b":{},"_coverageSchema":"1a1c01bbd47fc00a2c39e90264f33305004495a9","hash":"b0bb9b757b34be3cb4a8452f32005b67eb5bf71f"}
}
