TN:
SF:src\components\error-boundary.jsx
FN:8,(anonymous_0)
FN:17,(anonymous_1)
FN:25,(anonymous_2)
FN:35,(anonymous_3)
FN:60,(anonymous_4)
FNF:5
FNH:2
FNDA:8,(anonymous_0)
FNDA:0,(anonymous_1)
FNDA:0,(anonymous_2)
FNDA:8,(anonymous_3)
FNDA:0,(anonymous_4)
DA:9,8
DA:10,8
DA:18,0
DA:26,0
DA:32,0
DA:36,8
DA:37,0
DA:61,0
DA:66,0
DA:77,8
LF:10
LH:4
BRDA:36,0,0,0
BRDA:36,0,1,8
BRDA:52,1,0,0
BRDA:52,1,1,0
BRF:4
BRH:1
end_of_record
TN:
SF:src\components\events-filter.jsx
FN:15,EventsFilter
FN:22,(anonymous_1)
FN:27,(anonymous_2)
FN:54,(anonymous_3)
FN:55,(anonymous_4)
FN:73,(anonymous_5)
FN:74,(anonymous_6)
FNF:7
FNH:7
FNDA:11,EventsFilter
FNDA:5,(anonymous_1)
FNDA:3,(anonymous_2)
FNDA:44,(anonymous_3)
FNDA:33,(anonymous_4)
FNDA:3,(anonymous_5)
FNDA:1,(anonymous_6)
DA:16,11
DA:17,11
DA:19,11
DA:20,11
DA:22,11
DA:23,5
DA:24,5
DA:27,11
DA:28,3
DA:30,3
DA:31,0
DA:34,3
DA:35,3
DA:38,3
DA:41,11
DA:54,44
DA:56,33
DA:73,3
DA:74,1
LF:19
LH:18
BRDA:19,0,0,11
BRDA:19,0,1,10
BRDA:20,1,0,11
BRDA:20,1,1,10
BRDA:23,2,0,5
BRDA:23,2,1,4
BRDA:24,3,0,5
BRDA:24,3,1,4
BRDA:30,4,0,0
BRDA:30,4,1,3
BRDA:34,5,0,3
BRDA:34,5,1,0
BRDA:38,6,0,3
BRDA:38,6,1,0
BRDA:74,7,0,1
BRDA:74,7,1,1
BRF:16
BRH:13
end_of_record
TN:
SF:src\components\events-grid.jsx
FN:7,EventsGrid
FN:17,(anonymous_1)
FN:30,(anonymous_2)
FNF:3
FNH:3
FNDA:6,EventsGrid
FNDA:10,(anonymous_1)
FNDA:10,(anonymous_2)
DA:8,6
DA:9,1
DA:17,5
DA:18,10
DA:20,10
DA:21,10
DA:23,0
DA:24,0
DA:28,5
DA:31,10
DA:32,10
LF:11
LH:9
BRDA:8,0,0,1
BRDA:8,0,1,5
BRDA:37,1,0,10
BRDA:37,1,1,0
BRF:4
BRH:3
end_of_record
TN:
SF:src\components\events-list.jsx
FN:6,EventsList
FN:16,(anonymous_1)
FN:29,(anonymous_2)
FNF:3
FNH:3
FNDA:6,EventsList
FNDA:10,(anonymous_1)
FNDA:10,(anonymous_2)
DA:7,6
DA:8,1
DA:16,5
DA:17,10
DA:19,10
DA:20,10
DA:22,0
DA:23,0
DA:27,5
DA:30,10
DA:31,10
LF:11
LH:9
BRDA:7,0,0,1
BRDA:7,0,1,5
BRDA:36,1,0,10
BRDA:36,1,1,0
BRF:4
BRH:3
end_of_record
TN:
SF:src\context\theme-provider.jsx
FN:9,(anonymous_0)
FN:10,(anonymous_1)
FN:15,ThemeProvider
FN:24,(anonymous_3)
FN:27,(anonymous_4)
FN:30,(anonymous_5)
FN:45,(anonymous_6)
FN:61,(anonymous_7)
FN:65,(anonymous_8)
FN:78,(anonymous_9)
FNF:10
FNH:5
FNDA:0,(anonymous_0)
FNDA:0,(anonymous_1)
FNDA:8,ThemeProvider
FNDA:8,(anonymous_3)
FNDA:8,(anonymous_4)
FNDA:8,(anonymous_5)
FNDA:8,(anonymous_6)
FNDA:0,(anonymous_7)
FNDA:0,(anonymous_8)
FNDA:0,(anonymous_9)
DA:6,3
DA:9,0
DA:10,0
DA:13,3
DA:23,8
DA:24,8
DA:26,8
DA:27,8
DA:30,8
DA:31,8
DA:32,8
DA:34,8
DA:35,8
DA:39,8
DA:41,0
DA:45,8
DA:46,8
DA:47,8
DA:55,8
DA:58,8
DA:62,0
DA:63,0
DA:66,0
DA:67,0
DA:71,8
DA:78,3
DA:79,0
DA:81,0
DA:82,0
DA:84,0
LF:30
LH:19
BRDA:17,0,0,8
BRDA:18,1,0,8
BRDA:19,2,0,8
BRDA:20,3,0,8
BRDA:24,4,0,8
BRDA:24,4,1,8
BRDA:27,5,0,8
BRDA:27,5,1,8
BRDA:34,6,0,8
BRDA:34,6,1,0
BRDA:35,7,0,0
BRDA:35,7,1,8
BRDA:81,8,0,0
BRDA:81,8,1,0
BRF:14
BRH:10
end_of_record
TN:
SF:src\data\cities.js
FNF:0
FNH:0
DA:1,2
LF:1
LH:1
BRF:0
BRH:0
end_of_record
TN:
SF:src\lib\utils.js
FN:4,cn
FNF:1
FNH:1
FNDA:339,cn
DA:5,339
LF:1
LH:1
BRF:0
BRH:0
end_of_record
TN:
SF:src\pages\AddEventPage.jsx
FN:72,AddEventPage
FN:96,(anonymous_1)
FN:184,(anonymous_2)
FN:198,(anonymous_3)
FN:199,(anonymous_4)
FN:218,(anonymous_5)
FN:232,(anonymous_6)
FN:246,(anonymous_7)
FN:265,(anonymous_8)
FN:303,(anonymous_9)
FN:318,(anonymous_10)
FN:332,(anonymous_11)
FN:347,(anonymous_12)
FN:361,(anonymous_13)
FN:376,(anonymous_14)
FN:391,(anonymous_15)
FN:405,(anonymous_16)
FN:420,(anonymous_17)
FN:443,(anonymous_18)
FNF:19
FNH:17
FNDA:2,AddEventPage
FNDA:0,(anonymous_1)
FNDA:2,(anonymous_2)
FNDA:8,(anonymous_3)
FNDA:6,(anonymous_4)
FNDA:3,(anonymous_5)
FNDA:3,(anonymous_6)
FNDA:3,(anonymous_7)
FNDA:2,(anonymous_8)
FNDA:2,(anonymous_9)
FNDA:3,(anonymous_10)
FNDA:2,(anonymous_11)
FNDA:3,(anonymous_12)
FNDA:3,(anonymous_13)
FNDA:3,(anonymous_14)
FNDA:3,(anonymous_15)
FNDA:3,(anonymous_16)
FNDA:2,(anonymous_17)
FNDA:0,(anonymous_18)
DA:41,1
DA:73,2
DA:74,2
DA:75,2
DA:77,2
DA:96,2
DA:97,0
DA:98,0
DA:101,0
DA:104,0
DA:147,0
DA:149,0
DA:150,0
DA:152,0
DA:153,0
DA:157,0
DA:161,2
DA:185,2
DA:198,8
DA:200,6
DA:219,3
DA:233,3
DA:247,3
DA:266,2
DA:304,2
DA:319,3
DA:333,2
DA:348,3
DA:362,3
DA:377,3
DA:392,3
DA:406,3
DA:421,2
DA:443,0
LF:34
LH:23
BRDA:123,0,0,0
BRDA:123,0,1,0
BRDA:275,1,0,0
BRDA:275,1,1,2
BRDA:431,2,0,2
BRDA:431,2,1,0
BRDA:448,3,0,0
BRDA:448,3,1,2
BRF:8
BRH:3
end_of_record
TN:
SF:src\pages\EventDetailPage.jsx
FN:26,EventDetailPage
FN:32,(anonymous_1)
FN:36,(anonymous_2)
FN:42,(anonymous_3)
FN:47,(anonymous_4)
FN:51,(anonymous_5)
FN:79,(anonymous_6)
FN:200,(anonymous_7)
FNF:8
FNH:5
FNDA:3,EventDetailPage
FNDA:6,(anonymous_1)
FNDA:3,(anonymous_2)
FNDA:3,(anonymous_3)
FNDA:0,(anonymous_4)
FNDA:1,(anonymous_5)
FNDA:0,(anonymous_6)
FNDA:0,(anonymous_7)
DA:27,3
DA:32,6
DA:33,3
DA:34,3
DA:36,3
DA:37,3
DA:38,3
DA:42,3
DA:43,3
DA:47,3
DA:48,0
DA:51,3
DA:52,1
DA:54,1
DA:55,1
DA:57,0
DA:58,0
DA:62,3
DA:79,0
DA:200,0
LF:20
LH:15
BRDA:37,0,0,3
BRDA:37,0,1,0
BRDA:72,1,0,0
BRDA:72,1,1,3
BRDA:76,2,0,1
BRDA:76,2,1,2
BRDA:81,3,0,1
BRDA:81,3,1,1
BRDA:86,4,0,1
BRDA:86,4,1,0
BRF:10
BRH:7
end_of_record
TN:
SF:src\pages\EventsPage.jsx
FN:21,EventsContent
FN:23,(anonymous_1)
FN:29,(anonymous_2)
FN:50,(anonymous_3)
FN:83,(anonymous_4)
FN:94,EventsPage
FNF:6
FNH:4
FNDA:3,EventsContent
FNDA:6,(anonymous_1)
FNDA:3,(anonymous_2)
FNDA:0,(anonymous_3)
FNDA:0,(anonymous_4)
FNDA:3,EventsPage
DA:22,3
DA:23,6
DA:24,3
DA:25,3
DA:26,3
DA:27,3
DA:29,3
DA:30,3
DA:33,3
DA:50,0
DA:83,0
DA:95,3
LF:12
LH:10
BRDA:26,0,0,3
BRDA:26,0,1,3
BRDA:27,1,0,3
BRDA:27,1,1,3
BRDA:46,2,0,3
BRDA:46,2,1,0
BRDA:63,3,0,3
BRDA:63,3,1,2
BRDA:63,3,2,1
BRDA:76,4,0,1
BRDA:76,4,1,2
BRDA:80,5,0,1
BRDA:80,5,1,1
BRF:13
BRH:12
end_of_record
TN:
SF:src\services\api.js
FN:5,fetchEvents
FN:35,fetchEventById
FN:51,addEvent
FN:73,updateEvent
FN:95,deleteEvent
FNF:5
FNH:2
FNDA:2,fetchEvents
FNDA:3,fetchEventById
FNDA:0,addEvent
FNDA:0,updateEvent
FNDA:0,deleteEvent
DA:2,4
DA:6,2
DA:7,2
DA:8,2
DA:10,2
DA:11,0
DA:14,2
DA:16,0
DA:17,2
DA:18,0
DA:21,2
DA:23,0
DA:24,0
DA:27,0
DA:29,2
DA:30,2
DA:36,3
DA:37,3
DA:39,0
DA:40,0
DA:43,0
DA:45,3
DA:46,3
DA:52,0
DA:53,0
DA:61,0
DA:62,0
DA:65,0
DA:67,0
DA:68,0
DA:74,0
DA:75,0
DA:83,0
DA:84,0
DA:87,0
DA:89,0
DA:90,0
DA:96,0
DA:97,0
DA:101,0
DA:102,0
DA:105,0
DA:106,0
LF:43
LH:14
BRDA:10,0,0,0
BRDA:10,0,1,2
BRDA:10,1,0,2
BRDA:10,1,1,2
BRDA:14,2,0,0
BRDA:14,2,1,2
BRDA:17,3,0,0
BRDA:17,3,1,2
BRDA:23,4,0,0
BRDA:23,4,1,0
BRDA:39,5,0,0
BRDA:39,5,1,0
BRDA:61,6,0,0
BRDA:61,6,1,0
BRDA:83,7,0,0
BRDA:83,7,1,0
BRDA:101,8,0,0
BRDA:101,8,1,0
BRF:18
BRH:5
end_of_record
TN:
SF:src\store\index.js
FNF:0
FNH:0
DA:4,1
LF:1
LH:1
BRF:0
BRH:0
end_of_record
TN:
SF:src\store\slices\eventsSlice.js
FN:17,(anonymous_0)
FN:28,(anonymous_1)
FN:41,(anonymous_2)
FN:45,(anonymous_3)
FN:48,(anonymous_4)
FN:52,(anonymous_5)
FN:56,(anonymous_6)
FN:61,(anonymous_7)
FN:65,(anonymous_8)
FN:69,(anonymous_9)
FNF:10
FNH:3
FNDA:2,(anonymous_0)
FNDA:3,(anonymous_1)
FNDA:0,(anonymous_2)
FNDA:1,(anonymous_3)
FNDA:0,(anonymous_4)
FNDA:0,(anonymous_5)
FNDA:0,(anonymous_6)
FNDA:0,(anonymous_7)
FNDA:0,(anonymous_8)
FNDA:0,(anonymous_9)
DA:7,4
DA:15,4
DA:18,2
DA:19,2
DA:21,2
DA:26,4
DA:29,3
DA:30,3
DA:32,3
DA:37,4
DA:42,0
DA:46,1
DA:49,0
DA:50,0
DA:53,0
DA:54,0
DA:57,0
DA:58,0
DA:62,0
DA:63,0
DA:66,0
DA:67,0
DA:70,0
DA:71,0
DA:76,4
LF:25
LH:12
BRF:0
BRH:0
end_of_record
